This file contains any messages produced by compilers while
running configure, to aid debugging if configure makes a mistake.

It was created by pamiec configure 1.0, which was
generated by GNU Autoconf 2.69.  Invocation command line was

  $ ./configure 

## --------- ##
## Platform. ##
## --------- ##

hostname = dhcppc0
uname -m = x86_64
uname -r = 3.8.1-201.fc18.x86_64
uname -s = Linux
uname -v = #1 SMP Thu Feb 28 19:23:08 UTC 2013

/usr/bin/uname -p = x86_64
/bin/uname -X     = unknown

/bin/arch              = x86_64
/usr/bin/arch -k       = unknown
/usr/convex/getsysinfo = unknown
/usr/bin/hostinfo      = unknown
/bin/machine           = unknown
/usr/bin/oslevel       = unknown
/bin/universe          = unknown

PATH: /usr/lib64/qt-3.3/bin
PATH: /usr/lib64/ccache
PATH: /usr/local/bin
PATH: /usr/bin
PATH: /bin
PATH: /usr/local/sbin
PATH: /usr/sbin
PATH: /home/klosz/.local/bin
PATH: /home/klosz/bin


## ----------- ##
## Core tests. ##
## ----------- ##

configure:2308: checking for gcc
configure:2324: found /usr/lib64/ccache/gcc
configure:2335: result: gcc
configure:2564: checking for C compiler version
configure:2573: gcc --version >&5
gcc (GCC) 4.7.2 20121109 (Red Hat 4.7.2-8)
Copyright (C) 2012 Free Software Foundation, Inc.
This is free software; see the source for copying conditions.  There is NO
warranty; not even for MERCHANTABILITY or FITNESS FOR A PARTICULAR PURPOSE.

configure:2584: $? = 0
configure:2573: gcc -v >&5
Using built-in specs.
COLLECT_GCC=/usr/bin/gcc
COLLECT_LTO_WRAPPER=/usr/libexec/gcc/x86_64-redhat-linux/4.7.2/lto-wrapper
Target: x86_64-redhat-linux
Configured with: ../configure --prefix=/usr --mandir=/usr/share/man --infodir=/usr/share/info --with-bugurl=http://bugzilla.redhat.com/bugzilla --enable-bootstrap --enable-shared --enable-threads=posix --enable-checking=release --disable-build-with-cxx --disable-build-poststage1-with-cxx --with-system-zlib --enable-__cxa_atexit --disable-libunwind-exceptions --enable-gnu-unique-object --enable-linker-build-id --with-linker-hash-style=gnu --enable-languages=c,c++,objc,obj-c++,java,fortran,ada,go,lto --enable-plugin --enable-initfini-array --enable-java-awt=gtk --disable-dssi --with-java-home=/usr/lib/jvm/java-1.5.0-gcj-1.5.0.0/jre --enable-libgcj-multifile --enable-java-maintainer-mode --with-ecj-jar=/usr/share/java/eclipse-ecj.jar --disable-libjava-multilib --with-ppl --with-cloog --with-tune=generic --with-arch_32=i686 --build=x86_64-redhat-linux
Thread model: posix
gcc version 4.7.2 20121109 (Red Hat 4.7.2-8) (GCC) 
configure:2584: $? = 0
configure:2573: gcc -V >&5
gcc: error: unrecognized command line option '-V'
gcc: fatal error: no input files
compilation terminated.
configure:2584: $? = 4
configure:2573: gcc -qversion >&5
gcc: error: unrecognized command line option '-qversion'
gcc: fatal error: no input files
compilation terminated.
configure:2584: $? = 4
configure:2604: checking whether the C compiler works
configure:2626: gcc    conftest.c  >&5
configure:2630: $? = 0
configure:2678: result: yes
configure:2681: checking for C compiler default output file name
configure:2683: result: a.out
configure:2689: checking for suffix of executables
configure:2696: gcc -o conftest    conftest.c  >&5
configure:2700: $? = 0
configure:2722: result: 
configure:2744: checking whether we are cross compiling
configure:2752: gcc -o conftest    conftest.c  >&5
configure:2756: $? = 0
configure:2763: ./conftest
configure:2767: $? = 0
configure:2782: result: no
configure:2787: checking for suffix of object files
configure:2809: gcc -c   conftest.c >&5
configure:2813: $? = 0
configure:2834: result: o
configure:2838: checking whether we are using the GNU C compiler
configure:2857: gcc -c   conftest.c >&5
configure:2857: $? = 0
configure:2866: result: yes
configure:2875: checking whether gcc accepts -g
configure:2895: gcc -c -g  conftest.c >&5
configure:2895: $? = 0
configure:2936: result: yes
configure:2953: checking for gcc option to accept ISO C89
configure:3016: gcc  -c -g -O2  conftest.c >&5
configure:3016: $? = 0
configure:3029: result: none needed
configure:3050: checking whether gcc and cc understand -c and -o together
configure:3081: gcc -c conftest.c -o conftest2.o >&5
configure:3085: $? = 0
configure:3091: gcc -c conftest.c -o conftest2.o >&5
configure:3095: $? = 0
configure:3106: cc -c conftest.c >&5
configure:3110: $? = 0
configure:3118: cc -c conftest.c -o conftest2.o >&5
configure:3122: $? = 0
configure:3128: cc -c conftest.c -o conftest2.o >&5
configure:3132: $? = 0
configure:3150: result: yes
configure:3223: checking for a BSD-compatible install
configure:3291: result: /usr/bin/install -c
configure:3302: checking whether build environment is sane
configure:3357: result: yes
configure:3392: WARNING: 'missing' script is too old or missing
configure:3505: checking for a thread-safe mkdir -p
configure:3544: result: /usr/bin/mkdir -p
configure:3551: checking for gawk
configure:3567: found /usr/bin/gawk
configure:3578: result: gawk
configure:3589: checking whether make sets $(MAKE)
configure:3611: result: yes
configure:3641: checking for style of include used by make
configure:3669: result: GNU
configure:3761: checking dependency style of gcc
configure:3872: result: gcc3
configure:3917: checking build system type
configure:3931: result: x86_64-unknown-linux-gnu
configure:3951: checking host system type
configure:3964: result: x86_64-unknown-linux-gnu
configure:4005: checking how to print strings
configure:4032: result: printf
configure:4053: checking for a sed that does not truncate output
configure:4117: result: /usr/bin/sed
configure:4135: checking for grep that handles long lines and -e
configure:4193: result: /usr/bin/grep
configure:4198: checking for egrep
configure:4260: result: /usr/bin/grep -E
configure:4265: checking for fgrep
configure:4327: result: /usr/bin/grep -F
configure:4362: checking for ld used by gcc
configure:4429: result: /usr/bin/ld
configure:4436: checking if the linker (/usr/bin/ld) is GNU ld
configure:4451: result: yes
configure:4463: checking for BSD- or MS-compatible name lister (nm)
configure:4512: result: /usr/bin/nm -B
configure:4642: checking the name lister (/usr/bin/nm -B) interface
configure:4649: gcc -c -g -O2  conftest.c >&5
configure:4652: /usr/bin/nm -B "conftest.o"
configure:4655: output
0000000000000000 B some_variable
configure:4662: result: BSD nm
configure:4665: checking whether ln -s works
configure:4669: result: yes
configure:4677: checking the maximum length of command line arguments
configure:4807: result: 1572864
configure:4824: checking whether the shell understands some XSI constructs
configure:4834: result: yes
configure:4838: checking whether the shell understands "+="
configure:4844: result: yes
configure:4879: checking how to convert x86_64-unknown-linux-gnu file names to x86_64-unknown-linux-gnu format
configure:4919: result: func_convert_file_noop
configure:4926: checking how to convert x86_64-unknown-linux-gnu file names to toolchain format
configure:4946: result: func_convert_file_noop
configure:4953: checking for /usr/bin/ld option to reload object files
configure:4960: result: -r
configure:5034: checking for objdump
configure:5050: found /usr/bin/objdump
configure:5061: result: objdump
configure:5093: checking how to recognize dependent libraries
configure:5295: result: pass_all
configure:5380: checking for dlltool
configure:5410: result: no
configure:5440: checking how to associate runtime and link libraries
configure:5467: result: printf %s\n
configure:5528: checking for ar
configure:5544: found /usr/bin/ar
configure:5555: result: ar
configure:5592: checking for archiver @FILE support
configure:5609: gcc -c -g -O2  conftest.c >&5
configure:5609: $? = 0
configure:5612: ar cru libconftest.a @conftest.lst >&5
configure:5615: $? = 0
configure:5620: ar cru libconftest.a @conftest.lst >&5
ar: conftest.o: No such file or directory
configure:5623: $? = 1
configure:5635: result: @
configure:5693: checking for strip
configure:5709: found /usr/bin/strip
configure:5720: result: strip
configure:5792: checking for ranlib
configure:5808: found /usr/bin/ranlib
configure:5819: result: ranlib
configure:5921: checking command to parse /usr/bin/nm -B output from gcc object
configure:6041: gcc -c -g -O2  conftest.c >&5
configure:6044: $? = 0
configure:6048: /usr/bin/nm -B conftest.o \| sed -n -e 's/^.*[ ]\([ABCDGIRSTW][ABCDGIRSTW]*\)[ ][ ]*\([_A-Za-z][_A-Za-z0-9]*\)$/\1 \2 \2/p' | sed '/ __gnu_lto/d' \> conftest.nm
configure:6051: $? = 0
configure:6117: gcc -o conftest -g -O2   conftest.c conftstm.o >&5
configure:6120: $? = 0
configure:6158: result: ok
configure:6195: checking for sysroot
configure:6225: result: no
configure:6302: gcc -c -g -O2  conftest.c >&5
configure:6305: $? = 0
configure:6481: checking for mt
configure:6511: result: no
configure:6531: checking if : is a manifest tool
configure:6537: : '-?'
configure:6545: result: no
configure:7187: checking how to run the C preprocessor
configure:7218: gcc -E  conftest.c
configure:7218: $? = 0
configure:7232: gcc -E  conftest.c
conftest.c:11:28: fatal error: ac_nonexistent.h: No such file or directory
compilation terminated.
configure:7232: $? = 1
configure: failed program was:
| /* confdefs.h */
| #define PACKAGE_NAME "pamiec"
| #define PACKAGE_TARNAME "pamiec"
| #define PACKAGE_VERSION "1.0"
| #define PACKAGE_STRING "pamiec 1.0"
| #define PACKAGE_BUGREPORT "m.zmuda@aol.com"
| #define PACKAGE_URL ""
| #define PACKAGE "pamiec"
| #define VERSION "1.0"
| /* end confdefs.h.  */
| #include <ac_nonexistent.h>
configure:7257: result: gcc -E
configure:7277: gcc -E  conftest.c
configure:7277: $? = 0
configure:7291: gcc -E  conftest.c
conftest.c:11:28: fatal error: ac_nonexistent.h: No such file or directory
compilation terminated.
configure:7291: $? = 1
configure: failed program was:
| /* confdefs.h */
| #define PACKAGE_NAME "pamiec"
| #define PACKAGE_TARNAME "pamiec"
| #define PACKAGE_VERSION "1.0"
| #define PACKAGE_STRING "pamiec 1.0"
| #define PACKAGE_BUGREPORT "m.zmuda@aol.com"
| #define PACKAGE_URL ""
| #define PACKAGE "pamiec"
| #define VERSION "1.0"
| /* end confdefs.h.  */
| #include <ac_nonexistent.h>
configure:7320: checking for ANSI C header files
configure:7340: gcc -c -g -O2  conftest.c >&5
configure:7340: $? = 0
configure:7413: gcc -o conftest -g -O2   conftest.c  >&5
configure:7413: $? = 0
configure:7413: ./conftest
configure:7413: $? = 0
configure:7424: result: yes
configure:7437: checking for sys/types.h
configure:7437: gcc -c -g -O2  conftest.c >&5
configure:7437: $? = 0
configure:7437: result: yes
configure:7437: checking for sys/stat.h
configure:7437: gcc -c -g -O2  conftest.c >&5
configure:7437: $? = 0
configure:7437: result: yes
configure:7437: checking for stdlib.h
configure:7437: gcc -c -g -O2  conftest.c >&5
configure:7437: $? = 0
configure:7437: result: yes
configure:7437: checking for string.h
configure:7437: gcc -c -g -O2  conftest.c >&5
configure:7437: $? = 0
configure:7437: result: yes
configure:7437: checking for memory.h
configure:7437: gcc -c -g -O2  conftest.c >&5
configure:7437: $? = 0
configure:7437: result: yes
configure:7437: checking for strings.h
configure:7437: gcc -c -g -O2  conftest.c >&5
configure:7437: $? = 0
configure:7437: result: yes
configure:7437: checking for inttypes.h
configure:7437: gcc -c -g -O2  conftest.c >&5
configure:7437: $? = 0
configure:7437: result: yes
configure:7437: checking for stdint.h
configure:7437: gcc -c -g -O2  conftest.c >&5
configure:7437: $? = 0
configure:7437: result: yes
configure:7437: checking for unistd.h
configure:7437: gcc -c -g -O2  conftest.c >&5
configure:7437: $? = 0
configure:7437: result: yes
configure:7451: checking for dlfcn.h
configure:7451: gcc -c -g -O2  conftest.c >&5
configure:7451: $? = 0
configure:7451: result: yes
configure:7657: checking for objdir
configure:7672: result: .libs
configure:7939: checking if gcc supports -fno-rtti -fno-exceptions
configure:7957: gcc -c -g -O2  -fno-rtti -fno-exceptions conftest.c >&5
cc1: warning: command line option '-fno-rtti' is valid for C++/ObjC++ but not for C [enabled by default]
cc1: warning: command line option '-fno-rtti' is valid for C++/ObjC++ but not for C [enabled by default]
configure:7961: $? = 0
configure:7974: result: no
configure:8301: checking for gcc option to produce PIC
configure:8308: result: -fPIC -DPIC
configure:8316: checking if gcc PIC flag -fPIC -DPIC works
configure:8334: gcc -c -g -O2  -fPIC -DPIC -DPIC conftest.c >&5
configure:8338: $? = 0
configure:8351: result: yes
configure:8380: checking if gcc static flag -static works
configure:8408: result: no
configure:8423: checking if gcc supports -c -o file.o
configure:8444: gcc -c -g -O2  -o out/conftest2.o conftest.c >&5
configure:8448: $? = 0
configure:8470: result: yes
configure:8478: checking if gcc supports -c -o file.o
configure:8525: result: yes
configure:8558: checking whether the gcc linker (/usr/bin/ld -m elf_x86_64) supports shared libraries
configure:9711: result: yes
configure:9748: checking whether -lc should be explicitly linked in
configure:9756: gcc -c -g -O2  conftest.c >&5
configure:9759: $? = 0
configure:9774: gcc -shared  -fPIC -DPIC conftest.o  -v -Wl,-soname -Wl,conftest -o conftest 2\>\&1 \| /usr/bin/grep  -lc  \>/dev/null 2\>\&1
configure:9777: $? = 0
configure:9791: result: no
configure:9951: checking dynamic linker characteristics
configure:10462: gcc -o conftest -g -O2   -Wl,-rpath -Wl,/foo conftest.c  >&5
configure:10462: $? = 0
configure:10688: result: GNU/Linux ld.so
configure:10795: checking how to hardcode library paths into programs
configure:10820: result: immediate
configure:11360: checking whether stripping libraries is possible
configure:11365: result: yes
configure:11400: checking if libtool supports shared libraries
configure:11402: result: yes
configure:11405: checking whether to build shared libraries
configure:11426: result: yes
configure:11429: checking whether to build static libraries
configure:11433: result: yes
configure:11515: checking for ranlib
configure:11542: result: ranlib
configure:11570: checking for stdlib.h
configure:11570: result: yes
configure:11582: checking for size_t
configure:11582: gcc -c -g -O2  conftest.c >&5
configure:11582: $? = 0
configure:11582: gcc -c -g -O2  conftest.c >&5
conftest.c: In function 'main':
conftest.c:60:21: error: expected expression before ')' token
configure:11582: $? = 1
configure: failed program was:
| /* confdefs.h */
| #define PACKAGE_NAME "pamiec"
| #define PACKAGE_TARNAME "pamiec"
| #define PACKAGE_VERSION "1.0"
| #define PACKAGE_STRING "pamiec 1.0"
| #define PACKAGE_BUGREPORT "m.zmuda@aol.com"
| #define PACKAGE_URL ""
| #define PACKAGE "pamiec"
| #define VERSION "1.0"
| #define STDC_HEADERS 1
| #define HAVE_SYS_TYPES_H 1
| #define HAVE_SYS_STAT_H 1
| #define HAVE_STDLIB_H 1
| #define HAVE_STRING_H 1
| #define HAVE_MEMORY_H 1
| #define HAVE_STRINGS_H 1
| #define HAVE_INTTYPES_H 1
| #define HAVE_STDINT_H 1
| #define HAVE_UNISTD_H 1
| #define HAVE_DLFCN_H 1
| #define LT_OBJDIR ".libs/"
| #define HAVE_STDLIB_H 1
| /* end confdefs.h.  */
| #include <stdio.h>
| #ifdef HAVE_SYS_TYPES_H
| # include <sys/types.h>
| #endif
| #ifdef HAVE_SYS_STAT_H
| # include <sys/stat.h>
| #endif
| #ifdef STDC_HEADERS
| # include <stdlib.h>
| # include <stddef.h>
| #else
| # ifdef HAVE_STDLIB_H
| #  include <stdlib.h>
| # endif
| #endif
| #ifdef HAVE_STRING_H
| # if !defined STDC_HEADERS && defined HAVE_MEMORY_H
| #  include <memory.h>
| # endif
| # include <string.h>
| #endif
| #ifdef HAVE_STRINGS_H
| # include <strings.h>
| #endif
| #ifdef HAVE_INTTYPES_H
| # include <inttypes.h>
| #endif
| #ifdef HAVE_STDINT_H
| # include <stdint.h>
| #endif
| #ifdef HAVE_UNISTD_H
| # include <unistd.h>
| #endif
| int
| main ()
| {
| if (sizeof ((size_t)))
| 	    return 0;
|   ;
|   return 0;
| }
configure:11582: result: yes
configure:11597: checking for stdlib.h
configure:11597: result: yes
configure:11607: checking for GNU libc compatible malloc
configure:11631: gcc -o conftest -g -O2   conftest.c  >&5
configure:11631: $? = 0
configure:11631: ./conftest
configure:11631: $? = 0
configure:11641: result: yes
configure:11713: result: No
configure:11830: checking that generated files are newer than configure
configure:11836: result: done
configure:11859: creating ./config.status

## ---------------------- ##
## Running config.status. ##
## ---------------------- ##

This file was extended by pamiec config.status 1.0, which was
generated by GNU Autoconf 2.69.  Invocation command line was

  CONFIG_FILES    = 
  CONFIG_HEADERS  = 
  CONFIG_LINKS    = 
  CONFIG_COMMANDS = 
  $ ./config.status 

on dhcppc0

config.status:1082: creating Makefile
config.status:1082: creating src/Makefile
config.status:1082: creating src/makefile
config.status:1082: creating config.h
config.status:1263: config.h is unchanged
config.status:1311: executing depfiles commands
config.status:1311: executing libtool commands

## ---------------- ##
## Cache variables. ##
## ---------------- ##

ac_cv_build=x86_64-unknown-linux-gnu
ac_cv_c_compiler_gnu=yes
ac_cv_env_CC_set=
ac_cv_env_CC_value=
ac_cv_env_CFLAGS_set=
ac_cv_env_CFLAGS_value=
ac_cv_env_CPPFLAGS_set=
ac_cv_env_CPPFLAGS_value=
ac_cv_env_CPP_set=
ac_cv_env_CPP_value=
ac_cv_env_LDFLAGS_set=
ac_cv_env_LDFLAGS_value=
ac_cv_env_LIBS_set=
ac_cv_env_LIBS_value=
ac_cv_env_build_alias_set=
ac_cv_env_build_alias_value=
ac_cv_env_host_alias_set=
ac_cv_env_host_alias_value=
ac_cv_env_target_alias_set=
ac_cv_env_target_alias_value=
ac_cv_func_malloc_0_nonnull=yes
ac_cv_header_dlfcn_h=yes
ac_cv_header_inttypes_h=yes
ac_cv_header_memory_h=yes
ac_cv_header_stdc=yes
ac_cv_header_stdint_h=yes
ac_cv_header_stdlib_h=yes
ac_cv_header_string_h=yes
ac_cv_header_strings_h=yes
ac_cv_header_sys_stat_h=yes
ac_cv_header_sys_types_h=yes
ac_cv_header_unistd_h=yes
ac_cv_host=x86_64-unknown-linux-gnu
ac_cv_objext=o
ac_cv_path_EGREP='/usr/bin/grep -E'
ac_cv_path_FGREP='/usr/bin/grep -F'
ac_cv_path_GREP=/usr/bin/grep
ac_cv_path_SED=/usr/bin/sed
ac_cv_path_install='/usr/bin/install -c'
ac_cv_path_mkdir=/usr/bin/mkdir
ac_cv_prog_AWK=gawk
ac_cv_prog_CPP='gcc -E'
ac_cv_prog_ac_ct_AR=ar
ac_cv_prog_ac_ct_CC=gcc
ac_cv_prog_ac_ct_OBJDUMP=objdump
ac_cv_prog_ac_ct_RANLIB=ranlib
ac_cv_prog_ac_ct_STRIP=strip
ac_cv_prog_cc_c89=
ac_cv_prog_cc_g=yes
ac_cv_prog_cc_gcc_c_o=yes
ac_cv_prog_make_make_set=yes
ac_cv_type_size_t=yes
am_cv_CC_dependencies_compiler_type=gcc3
lt_cv_ar_at_file=@
lt_cv_archive_cmds_need_lc=no
lt_cv_deplibs_check_method=pass_all
lt_cv_file_magic_cmd='$MAGIC_CMD'
lt_cv_file_magic_test_file=
lt_cv_ld_reload_flag=-r
lt_cv_nm_interface='BSD nm'
lt_cv_objdir=.libs
lt_cv_path_LD=/usr/bin/ld
lt_cv_path_NM='/usr/bin/nm -B'
lt_cv_path_mainfest_tool=no
lt_cv_prog_compiler_c_o=yes
lt_cv_prog_compiler_pic='-fPIC -DPIC'
lt_cv_prog_compiler_pic_works=yes
lt_cv_prog_compiler_rtti_exceptions=no
lt_cv_prog_compiler_static_works=no
lt_cv_prog_gnu_ld=yes
lt_cv_sharedlib_from_linklib_cmd='printf %s\n'
lt_cv_shlibpath_overrides_runpath=no
lt_cv_sys_global_symbol_pipe='sed -n -e '\''s/^.*[	 ]\([ABCDGIRSTW][ABCDGIRSTW]*\)[	 ][	 ]*\([_A-Za-z][_A-Za-z0-9]*\)$/\1 \2 \2/p'\'' | sed '\''/ __gnu_lto/d'\'''
lt_cv_sys_global_symbol_to_c_name_address='sed -n -e '\''s/^: \([^ ]*\)[ ]*$/  {\"\1\", (void *) 0},/p'\'' -e '\''s/^[ABCDGIRSTW]* \([^ ]*\) \([^ ]*\)$/  {"\2", (void *) \&\2},/p'\'''
lt_cv_sys_global_symbol_to_c_name_address_lib_prefix='sed -n -e '\''s/^: \([^ ]*\)[ ]*$/  {\"\1\", (void *) 0},/p'\'' -e '\''s/^[ABCDGIRSTW]* \([^ ]*\) \(lib[^ ]*\)$/  {"\2", (void *) \&\2},/p'\'' -e '\''s/^[ABCDGIRSTW]* \([^ ]*\) \([^ ]*\)$/  {"lib\2", (void *) \&\2},/p'\'''
lt_cv_sys_global_symbol_to_cdecl='sed -n -e '\''s/^T .* \(.*\)$/extern int \1();/p'\'' -e '\''s/^[ABCDGIRSTW]* .* \(.*\)$/extern char \1;/p'\'''
lt_cv_sys_max_cmd_len=1572864
lt_cv_to_host_file_cmd=func_convert_file_noop
lt_cv_to_tool_file_cmd=func_convert_file_noop

## ----------------- ##
## Output variables. ##
## ----------------- ##

ACLOCAL='aclocal-1.12'
AMDEPBACKSLASH='\'
AMDEP_FALSE='#'
AMDEP_TRUE=''
AMTAR='$${TAR-tar}'
AR='ar'
AUTOCONF='autoconf'
AUTOHEADER='autoheader'
AUTOMAKE='automake-1.12'
AWK='gawk'
CC='gcc'
CCDEPMODE='depmode=gcc3'
CFLAGS='-g -O2'
CPP='gcc -E'
CPPFLAGS=''
CYGPATH_W='echo'
DEFS='-DHAVE_CONFIG_H'
DEPDIR='.deps'
DLLTOOL='false'
DSYMUTIL=''
DUMPBIN=''
ECHO_C=''
ECHO_N='-n'
ECHO_T=''
EGREP='/usr/bin/grep -E'
EXEEXT=''
FGREP='/usr/bin/grep -F'
GREP='/usr/bin/grep'
INSTALL_DATA='${INSTALL} -m 644'
INSTALL_PROGRAM='${INSTALL}'
INSTALL_SCRIPT='${INSTALL}'
INSTALL_STRIP_PROGRAM='$(install_sh) -c -s'
LD='/usr/bin/ld -m elf_x86_64'
LDFLAGS=''
LIBOBJS=''
LIBS=''
LIBTOOL='$(SHELL) $(top_builddir)/libtool'
LIPO=''
LN_S='ln -s'
LTLIBOBJS=''
MAKEINFO='makeinfo'
MANIFEST_TOOL=':'
MKDIR_P='/usr/bin/mkdir -p'
NM='/usr/bin/nm -B'
NMEDIT=''
OBJDUMP='objdump'
OBJEXT='o'
OTOOL64=''
OTOOL=''
PACKAGE='pamiec'
PACKAGE_BUGREPORT='m.zmuda@aol.com'
PACKAGE_NAME='pamiec'
PACKAGE_STRING='pamiec 1.0'
PACKAGE_TARNAME='pamiec'
PACKAGE_URL=''
PACKAGE_VERSION='1.0'
PATH_SEPARATOR=':'
RANLIB='ranlib'
SED='/usr/bin/sed'
SET_MAKE=''
SHELL='/bin/sh'
STRIP='strip'
VERSION='1.0'
ac_ct_AR='ar'
ac_ct_CC='gcc'
ac_ct_DUMPBIN=''
am__EXEEXT_FALSE=''
am__EXEEXT_TRUE='#'
am__fastdepCC_FALSE='#'
am__fastdepCC_TRUE=''
am__include='include'
am__isrc=''
am__leading_dot='.'
am__nodep='_no'
am__quote=''
am__tar='$${TAR-tar} chof - "$$tardir"'
am__untar='$${TAR-tar} xf -'
bindir='${exec_prefix}/bin'
build='x86_64-unknown-linux-gnu'
build_alias=''
build_cpu='x86_64'
build_os='linux-gnu'
build_vendor='unknown'
datadir='${datarootdir}'
datarootdir='${prefix}/share'
docdir='${datarootdir}/doc/${PACKAGE_TARNAME}'
dvidir='${docdir}'
exec_prefix='${prefix}'
host='x86_64-unknown-linux-gnu'
host_alias=''
host_cpu='x86_64'
host_os='linux-gnu'
host_vendor='unknown'
htmldir='${docdir}'
includedir='${prefix}/include'
infodir='${datarootdir}/info'
install_sh='${SHELL} /home/klosz/install-sh'
libdir='${exec_prefix}/lib'
libexecdir='${exec_prefix}/libexec'
localedir='${datarootdir}/locale'
localstatedir='${prefix}/var'
mandir='${datarootdir}/man'
mkdir_p='$(MKDIR_P)'
oldincludedir='/usr/include'
pdfdir='${docdir}'
prefix='/usr/local'
program_transform_name='s,x,x,'
psdir='${docdir}'
sbindir='${exec_prefix}/sbin'
sharedstatedir='${prefix}/com'
sysconfdir='${prefix}/etc'
target_alias=''

## ----------- ##
## confdefs.h. ##
## ----------- ##

/* confdefs.h */
#define PACKAGE_NAME "pamiec"
#define PACKAGE_TARNAME "pamiec"
#define PACKAGE_VERSION "1.0"
#define PACKAGE_STRING "pamiec 1.0"
#define PACKAGE_BUGREPORT "m.zmuda@aol.com"
#define PACKAGE_URL ""
#define PACKAGE "pamiec"
#define VERSION "1.0"
#define STDC_HEADERS 1
#define HAVE_SYS_TYPES_H 1
#define HAVE_SYS_STAT_H 1
#define HAVE_STDLIB_H 1
#define HAVE_STRING_H 1
#define HAVE_MEMORY_H 1
#define HAVE_STRINGS_H 1
#define HAVE_INTTYPES_H 1
#define HAVE_STDINT_H 1
#define HAVE_UNISTD_H 1
#define HAVE_DLFCN_H 1
#define LT_OBJDIR ".libs/"
#define HAVE_STDLIB_H 1
#define HAVE_STDLIB_H 1
#define HAVE_MALLOC 1
#define BLOCK_SIZE 1

configure: exit 0
