This file contains any messages produced by compilers while
running configure, to aid debugging if configure makes a mistake.

It was created by macierze configure 1.0, which was
generated by GNU Autoconf 2.69.  Invocation command line was

  $ ./configure 

## --------- ##
## Platform. ##
## --------- ##

hostname = dhcppc0
uname -m = x86_64
uname -r = 3.8.1-201.fc18.x86_64
uname -s = Linux
uname -v = #1 SMP Thu Feb 28 19:23:08 UTC 2013

/usr/bin/uname -p = x86_64
/bin/uname -X     = unknown

/bin/arch              = x86_64
/usr/bin/arch -k       = unknown
/usr/convex/getsysinfo = unknown
/usr/bin/hostinfo      = unknown
/bin/machine           = unknown
/usr/bin/oslevel       = unknown
/bin/universe          = unknown

PATH: /usr/lib64/qt-3.3/bin
PATH: /usr/lib64/ccache
PATH: /usr/local/bin
PATH: /usr/bin
PATH: /bin
PATH: /usr/local/sbin
PATH: /usr/sbin
PATH: /home/klosz/.local/bin
PATH: /home/klosz/bin


## ----------- ##
## Core tests. ##
## ----------- ##

configure:2248: checking for gcc
configure:2264: found /usr/lib64/ccache/gcc
configure:2275: result: gcc
configure:2504: checking for C compiler version
configure:2513: gcc --version >&5
gcc (GCC) 4.7.2 20121109 (Red Hat 4.7.2-8)
Copyright (C) 2012 Free Software Foundation, Inc.
This is free software; see the source for copying conditions.  There is NO
warranty; not even for MERCHANTABILITY or FITNESS FOR A PARTICULAR PURPOSE.

configure:2524: $? = 0
configure:2513: gcc -v >&5
Using built-in specs.
COLLECT_GCC=/usr/bin/gcc
COLLECT_LTO_WRAPPER=/usr/libexec/gcc/x86_64-redhat-linux/4.7.2/lto-wrapper
Target: x86_64-redhat-linux
Configured with: ../configure --prefix=/usr --mandir=/usr/share/man --infodir=/usr/share/info --with-bugurl=http://bugzilla.redhat.com/bugzilla --enable-bootstrap --enable-shared --enable-threads=posix --enable-checking=release --disable-build-with-cxx --disable-build-poststage1-with-cxx --with-system-zlib --enable-__cxa_atexit --disable-libunwind-exceptions --enable-gnu-unique-object --enable-linker-build-id --with-linker-hash-style=gnu --enable-languages=c,c++,objc,obj-c++,java,fortran,ada,go,lto --enable-plugin --enable-initfini-array --enable-java-awt=gtk --disable-dssi --with-java-home=/usr/lib/jvm/java-1.5.0-gcj-1.5.0.0/jre --enable-libgcj-multifile --enable-java-maintainer-mode --with-ecj-jar=/usr/share/java/eclipse-ecj.jar --disable-libjava-multilib --with-ppl --with-cloog --with-tune=generic --with-arch_32=i686 --build=x86_64-redhat-linux
Thread model: posix
gcc version 4.7.2 20121109 (Red Hat 4.7.2-8) (GCC) 
configure:2524: $? = 0
configure:2513: gcc -V >&5
gcc: error: unrecognized command line option '-V'
gcc: fatal error: no input files
compilation terminated.
configure:2524: $? = 4
configure:2513: gcc -qversion >&5
gcc: error: unrecognized command line option '-qversion'
gcc: fatal error: no input files
compilation terminated.
configure:2524: $? = 4
configure:2544: checking whether the C compiler works
configure:2566: gcc    conftest.c  >&5
configure:2570: $? = 0
configure:2618: result: yes
configure:2621: checking for C compiler default output file name
configure:2623: result: a.out
configure:2629: checking for suffix of executables
configure:2636: gcc -o conftest    conftest.c  >&5
configure:2640: $? = 0
configure:2662: result: 
configure:2684: checking whether we are cross compiling
configure:2692: gcc -o conftest    conftest.c  >&5
configure:2696: $? = 0
configure:2703: ./conftest
configure:2707: $? = 0
configure:2722: result: no
configure:2727: checking for suffix of object files
configure:2749: gcc -c   conftest.c >&5
configure:2753: $? = 0
configure:2774: result: o
configure:2778: checking whether we are using the GNU C compiler
configure:2797: gcc -c   conftest.c >&5
configure:2797: $? = 0
configure:2806: result: yes
configure:2815: checking whether gcc accepts -g
configure:2835: gcc -c -g  conftest.c >&5
configure:2835: $? = 0
configure:2876: result: yes
configure:2893: checking for gcc option to accept ISO C89
configure:2956: gcc  -c -g -O2  conftest.c >&5
configure:2956: $? = 0
configure:2969: result: none needed
configure:2990: checking whether gcc and cc understand -c and -o together
configure:3021: gcc -c conftest.c -o conftest2.o >&5
configure:3025: $? = 0
configure:3031: gcc -c conftest.c -o conftest2.o >&5
configure:3035: $? = 0
configure:3046: cc -c conftest.c >&5
configure:3050: $? = 0
configure:3058: cc -c conftest.c -o conftest2.o >&5
configure:3062: $? = 0
configure:3068: cc -c conftest.c -o conftest2.o >&5
configure:3072: $? = 0
configure:3090: result: yes
configure:3163: checking for a BSD-compatible install
configure:3231: result: /usr/bin/install -c
configure:3242: checking whether build environment is sane
configure:3297: result: yes
configure:3332: WARNING: 'missing' script is too old or missing
configure:3445: checking for a thread-safe mkdir -p
configure:3484: result: /usr/bin/mkdir -p
configure:3491: checking for gawk
configure:3507: found /usr/bin/gawk
configure:3518: result: gawk
configure:3529: checking whether make sets $(MAKE)
configure:3551: result: yes
configure:3581: checking for style of include used by make
configure:3609: result: GNU
configure:3701: checking dependency style of gcc
configure:3812: result: gcc3
configure:3857: checking build system type
configure:3871: result: x86_64-unknown-linux-gnu
configure:3891: checking host system type
configure:3904: result: x86_64-unknown-linux-gnu
configure:3945: checking how to print strings
configure:3972: result: printf
configure:3993: checking for a sed that does not truncate output
configure:4057: result: /usr/bin/sed
configure:4075: checking for grep that handles long lines and -e
configure:4133: result: /usr/bin/grep
configure:4138: checking for egrep
configure:4200: result: /usr/bin/grep -E
configure:4205: checking for fgrep
configure:4267: result: /usr/bin/grep -F
configure:4302: checking for ld used by gcc
configure:4369: result: /usr/bin/ld
configure:4376: checking if the linker (/usr/bin/ld) is GNU ld
configure:4391: result: yes
configure:4403: checking for BSD- or MS-compatible name lister (nm)
configure:4452: result: /usr/bin/nm -B
configure:4582: checking the name lister (/usr/bin/nm -B) interface
configure:4589: gcc -c -g -O2  conftest.c >&5
configure:4592: /usr/bin/nm -B "conftest.o"
configure:4595: output
0000000000000000 B some_variable
configure:4602: result: BSD nm
configure:4605: checking whether ln -s works
configure:4609: result: yes
configure:4617: checking the maximum length of command line arguments
configure:4747: result: 1572864
configure:4764: checking whether the shell understands some XSI constructs
configure:4774: result: yes
configure:4778: checking whether the shell understands "+="
configure:4784: result: yes
configure:4819: checking how to convert x86_64-unknown-linux-gnu file names to x86_64-unknown-linux-gnu format
configure:4859: result: func_convert_file_noop
configure:4866: checking how to convert x86_64-unknown-linux-gnu file names to toolchain format
configure:4886: result: func_convert_file_noop
configure:4893: checking for /usr/bin/ld option to reload object files
configure:4900: result: -r
configure:4974: checking for objdump
configure:4990: found /usr/bin/objdump
configure:5001: result: objdump
configure:5033: checking how to recognize dependent libraries
configure:5235: result: pass_all
configure:5320: checking for dlltool
configure:5350: result: no
configure:5380: checking how to associate runtime and link libraries
configure:5407: result: printf %s\n
configure:5468: checking for ar
configure:5484: found /usr/bin/ar
configure:5495: result: ar
configure:5532: checking for archiver @FILE support
configure:5549: gcc -c -g -O2  conftest.c >&5
configure:5549: $? = 0
configure:5552: ar cru libconftest.a @conftest.lst >&5
configure:5555: $? = 0
configure:5560: ar cru libconftest.a @conftest.lst >&5
ar: conftest.o: No such file or directory
configure:5563: $? = 1
configure:5575: result: @
configure:5633: checking for strip
configure:5649: found /usr/bin/strip
configure:5660: result: strip
configure:5732: checking for ranlib
configure:5748: found /usr/bin/ranlib
configure:5759: result: ranlib
configure:5861: checking command to parse /usr/bin/nm -B output from gcc object
configure:5981: gcc -c -g -O2  conftest.c >&5
configure:5984: $? = 0
configure:5988: /usr/bin/nm -B conftest.o \| sed -n -e 's/^.*[ ]\([ABCDGIRSTW][ABCDGIRSTW]*\)[ ][ ]*\([_A-Za-z][_A-Za-z0-9]*\)$/\1 \2 \2/p' | sed '/ __gnu_lto/d' \> conftest.nm
configure:5991: $? = 0
configure:6057: gcc -o conftest -g -O2   conftest.c conftstm.o >&5
configure:6060: $? = 0
configure:6098: result: ok
configure:6135: checking for sysroot
configure:6165: result: no
configure:6242: gcc -c -g -O2  conftest.c >&5
configure:6245: $? = 0
configure:6421: checking for mt
configure:6451: result: no
configure:6471: checking if : is a manifest tool
configure:6477: : '-?'
configure:6485: result: no
configure:7127: checking how to run the C preprocessor
configure:7158: gcc -E  conftest.c
configure:7158: $? = 0
configure:7172: gcc -E  conftest.c
conftest.c:11:28: fatal error: ac_nonexistent.h: No such file or directory
compilation terminated.
configure:7172: $? = 1
configure: failed program was:
| /* confdefs.h */
| #define PACKAGE_NAME "macierze"
| #define PACKAGE_TARNAME "macierze"
| #define PACKAGE_VERSION "1.0"
| #define PACKAGE_STRING "macierze 1.0"
| #define PACKAGE_BUGREPORT "m.zmuda@aol.com"
| #define PACKAGE_URL ""
| #define PACKAGE "macierze"
| #define VERSION "1.0"
| /* end confdefs.h.  */
| #include <ac_nonexistent.h>
configure:7197: result: gcc -E
configure:7217: gcc -E  conftest.c
configure:7217: $? = 0
configure:7231: gcc -E  conftest.c
conftest.c:11:28: fatal error: ac_nonexistent.h: No such file or directory
compilation terminated.
configure:7231: $? = 1
configure: failed program was:
| /* confdefs.h */
| #define PACKAGE_NAME "macierze"
| #define PACKAGE_TARNAME "macierze"
| #define PACKAGE_VERSION "1.0"
| #define PACKAGE_STRING "macierze 1.0"
| #define PACKAGE_BUGREPORT "m.zmuda@aol.com"
| #define PACKAGE_URL ""
| #define PACKAGE "macierze"
| #define VERSION "1.0"
| /* end confdefs.h.  */
| #include <ac_nonexistent.h>
configure:7260: checking for ANSI C header files
configure:7280: gcc -c -g -O2  conftest.c >&5
configure:7280: $? = 0
configure:7353: gcc -o conftest -g -O2   conftest.c  >&5
configure:7353: $? = 0
configure:7353: ./conftest
configure:7353: $? = 0
configure:7364: result: yes
configure:7377: checking for sys/types.h
configure:7377: gcc -c -g -O2  conftest.c >&5
configure:7377: $? = 0
configure:7377: result: yes
configure:7377: checking for sys/stat.h
configure:7377: gcc -c -g -O2  conftest.c >&5
configure:7377: $? = 0
configure:7377: result: yes
configure:7377: checking for stdlib.h
configure:7377: gcc -c -g -O2  conftest.c >&5
configure:7377: $? = 0
configure:7377: result: yes
configure:7377: checking for string.h
configure:7377: gcc -c -g -O2  conftest.c >&5
configure:7377: $? = 0
configure:7377: result: yes
configure:7377: checking for memory.h
configure:7377: gcc -c -g -O2  conftest.c >&5
configure:7377: $? = 0
configure:7377: result: yes
configure:7377: checking for strings.h
configure:7377: gcc -c -g -O2  conftest.c >&5
configure:7377: $? = 0
configure:7377: result: yes
configure:7377: checking for inttypes.h
configure:7377: gcc -c -g -O2  conftest.c >&5
configure:7377: $? = 0
configure:7377: result: yes
configure:7377: checking for stdint.h
configure:7377: gcc -c -g -O2  conftest.c >&5
configure:7377: $? = 0
configure:7377: result: yes
configure:7377: checking for unistd.h
configure:7377: gcc -c -g -O2  conftest.c >&5
configure:7377: $? = 0
configure:7377: result: yes
configure:7391: checking for dlfcn.h
configure:7391: gcc -c -g -O2  conftest.c >&5
configure:7391: $? = 0
configure:7391: result: yes
configure:7597: checking for objdir
configure:7612: result: .libs
configure:7879: checking if gcc supports -fno-rtti -fno-exceptions
configure:7897: gcc -c -g -O2  -fno-rtti -fno-exceptions conftest.c >&5
cc1: warning: command line option '-fno-rtti' is valid for C++/ObjC++ but not for C [enabled by default]
cc1: warning: command line option '-fno-rtti' is valid for C++/ObjC++ but not for C [enabled by default]
configure:7901: $? = 0
configure:7914: result: no
configure:8241: checking for gcc option to produce PIC
configure:8248: result: -fPIC -DPIC
configure:8256: checking if gcc PIC flag -fPIC -DPIC works
configure:8274: gcc -c -g -O2  -fPIC -DPIC -DPIC conftest.c >&5
configure:8278: $? = 0
configure:8291: result: yes
configure:8320: checking if gcc static flag -static works
configure:8348: result: no
configure:8363: checking if gcc supports -c -o file.o
configure:8384: gcc -c -g -O2  -o out/conftest2.o conftest.c >&5
configure:8388: $? = 0
configure:8410: result: yes
configure:8418: checking if gcc supports -c -o file.o
configure:8465: result: yes
configure:8498: checking whether the gcc linker (/usr/bin/ld -m elf_x86_64) supports shared libraries
configure:9651: result: yes
configure:9688: checking whether -lc should be explicitly linked in
configure:9696: gcc -c -g -O2  conftest.c >&5
configure:9699: $? = 0
configure:9714: gcc -shared  -fPIC -DPIC conftest.o  -v -Wl,-soname -Wl,conftest -o conftest 2\>\&1 \| /usr/bin/grep  -lc  \>/dev/null 2\>\&1
configure:9717: $? = 0
configure:9731: result: no
configure:9891: checking dynamic linker characteristics
configure:10402: gcc -o conftest -g -O2   -Wl,-rpath -Wl,/foo conftest.c  >&5
configure:10402: $? = 0
configure:10628: result: GNU/Linux ld.so
configure:10735: checking how to hardcode library paths into programs
configure:10760: result: immediate
configure:11300: checking whether stripping libraries is possible
configure:11305: result: yes
configure:11340: checking if libtool supports shared libraries
configure:11342: result: yes
configure:11345: checking whether to build shared libraries
configure:11366: result: yes
configure:11369: checking whether to build static libraries
configure:11373: result: yes
configure:11456: checking for ranlib
configure:11483: result: ranlib
configure:11511: checking for stdlib.h
configure:11511: result: yes
configure:11637: checking that generated files are newer than configure
configure:11643: result: done
configure:11666: creating ./config.status

## ---------------------- ##
## Running config.status. ##
## ---------------------- ##

This file was extended by macierze config.status 1.0, which was
generated by GNU Autoconf 2.69.  Invocation command line was

  CONFIG_FILES    = 
  CONFIG_HEADERS  = 
  CONFIG_LINKS    = 
  CONFIG_COMMANDS = 
  $ ./config.status 

on dhcppc0

config.status:1078: creating Makefile
config.status:1078: creating src/Makefile
config.status:1078: creating config.h
config.status:1307: executing depfiles commands
config.status:1307: executing libtool commands

## ---------------- ##
## Cache variables. ##
## ---------------- ##

ac_cv_build=x86_64-unknown-linux-gnu
ac_cv_c_compiler_gnu=yes
ac_cv_env_CC_set=
ac_cv_env_CC_value=
ac_cv_env_CFLAGS_set=
ac_cv_env_CFLAGS_value=
ac_cv_env_CPPFLAGS_set=
ac_cv_env_CPPFLAGS_value=
ac_cv_env_CPP_set=
ac_cv_env_CPP_value=
ac_cv_env_LDFLAGS_set=
ac_cv_env_LDFLAGS_value=
ac_cv_env_LIBS_set=
ac_cv_env_LIBS_value=
ac_cv_env_build_alias_set=
ac_cv_env_build_alias_value=
ac_cv_env_host_alias_set=
ac_cv_env_host_alias_value=
ac_cv_env_target_alias_set=
ac_cv_env_target_alias_value=
ac_cv_header_dlfcn_h=yes
ac_cv_header_inttypes_h=yes
ac_cv_header_memory_h=yes
ac_cv_header_stdc=yes
ac_cv_header_stdint_h=yes
ac_cv_header_stdlib_h=yes
ac_cv_header_string_h=yes
ac_cv_header_strings_h=yes
ac_cv_header_sys_stat_h=yes
ac_cv_header_sys_types_h=yes
ac_cv_header_unistd_h=yes
ac_cv_host=x86_64-unknown-linux-gnu
ac_cv_objext=o
ac_cv_path_EGREP='/usr/bin/grep -E'
ac_cv_path_FGREP='/usr/bin/grep -F'
ac_cv_path_GREP=/usr/bin/grep
ac_cv_path_SED=/usr/bin/sed
ac_cv_path_install='/usr/bin/install -c'
ac_cv_path_mkdir=/usr/bin/mkdir
ac_cv_prog_AWK=gawk
ac_cv_prog_CPP='gcc -E'
ac_cv_prog_ac_ct_AR=ar
ac_cv_prog_ac_ct_CC=gcc
ac_cv_prog_ac_ct_OBJDUMP=objdump
ac_cv_prog_ac_ct_RANLIB=ranlib
ac_cv_prog_ac_ct_STRIP=strip
ac_cv_prog_cc_c89=
ac_cv_prog_cc_g=yes
ac_cv_prog_cc_gcc_c_o=yes
ac_cv_prog_make_make_set=yes
am_cv_CC_dependencies_compiler_type=gcc3
lt_cv_ar_at_file=@
lt_cv_archive_cmds_need_lc=no
lt_cv_deplibs_check_method=pass_all
lt_cv_file_magic_cmd='$MAGIC_CMD'
lt_cv_file_magic_test_file=
lt_cv_ld_reload_flag=-r
lt_cv_nm_interface='BSD nm'
lt_cv_objdir=.libs
lt_cv_path_LD=/usr/bin/ld
lt_cv_path_NM='/usr/bin/nm -B'
lt_cv_path_mainfest_tool=no
lt_cv_prog_compiler_c_o=yes
lt_cv_prog_compiler_pic='-fPIC -DPIC'
lt_cv_prog_compiler_pic_works=yes
lt_cv_prog_compiler_rtti_exceptions=no
lt_cv_prog_compiler_static_works=no
lt_cv_prog_gnu_ld=yes
lt_cv_sharedlib_from_linklib_cmd='printf %s\n'
lt_cv_shlibpath_overrides_runpath=no
lt_cv_sys_global_symbol_pipe='sed -n -e '\''s/^.*[	 ]\([ABCDGIRSTW][ABCDGIRSTW]*\)[	 ][	 ]*\([_A-Za-z][_A-Za-z0-9]*\)$/\1 \2 \2/p'\'' | sed '\''/ __gnu_lto/d'\'''
lt_cv_sys_global_symbol_to_c_name_address='sed -n -e '\''s/^: \([^ ]*\)[ ]*$/  {\"\1\", (void *) 0},/p'\'' -e '\''s/^[ABCDGIRSTW]* \([^ ]*\) \([^ ]*\)$/  {"\2", (void *) \&\2},/p'\'''
lt_cv_sys_global_symbol_to_c_name_address_lib_prefix='sed -n -e '\''s/^: \([^ ]*\)[ ]*$/  {\"\1\", (void *) 0},/p'\'' -e '\''s/^[ABCDGIRSTW]* \([^ ]*\) \(lib[^ ]*\)$/  {"\2", (void *) \&\2},/p'\'' -e '\''s/^[ABCDGIRSTW]* \([^ ]*\) \([^ ]*\)$/  {"lib\2", (void *) \&\2},/p'\'''
lt_cv_sys_global_symbol_to_cdecl='sed -n -e '\''s/^T .* \(.*\)$/extern int \1();/p'\'' -e '\''s/^[ABCDGIRSTW]* .* \(.*\)$/extern char \1;/p'\'''
lt_cv_sys_max_cmd_len=1572864
lt_cv_to_host_file_cmd=func_convert_file_noop
lt_cv_to_tool_file_cmd=func_convert_file_noop

## ----------------- ##
## Output variables. ##
## ----------------- ##

ACLOCAL='aclocal-1.12'
AMDEPBACKSLASH='\'
AMDEP_FALSE='#'
AMDEP_TRUE=''
AMTAR='$${TAR-tar}'
AR='ar'
AUTOCONF='autoconf'
AUTOHEADER='autoheader'
AUTOMAKE='automake-1.12'
AWK='gawk'
CC='gcc'
CCDEPMODE='depmode=gcc3'
CFLAGS='-g -O2'
CPP='gcc -E'
CPPFLAGS=''
CYGPATH_W='echo'
DEFS='-DHAVE_CONFIG_H'
DEPDIR='.deps'
DLLTOOL='false'
DSYMUTIL=''
DUMPBIN=''
ECHO_C=''
ECHO_N='-n'
ECHO_T=''
EGREP='/usr/bin/grep -E'
EXEEXT=''
FGREP='/usr/bin/grep -F'
GREP='/usr/bin/grep'
INSTALL_DATA='${INSTALL} -m 644'
INSTALL_PROGRAM='${INSTALL}'
INSTALL_SCRIPT='${INSTALL}'
INSTALL_STRIP_PROGRAM='$(install_sh) -c -s'
LD='/usr/bin/ld -m elf_x86_64'
LDFLAGS=''
LIBOBJS=''
LIBS=''
LIBTOOL='$(SHELL) $(top_builddir)/libtool'
LIPO=''
LN_S='ln -s'
LTLIBOBJS=''
MAKEINFO='makeinfo'
MANIFEST_TOOL=':'
MKDIR_P='/usr/bin/mkdir -p'
NM='/usr/bin/nm -B'
NMEDIT=''
OBJDUMP='objdump'
OBJEXT='o'
OTOOL64=''
OTOOL=''
PACKAGE='macierze'
PACKAGE_BUGREPORT='m.zmuda@aol.com'
PACKAGE_NAME='macierze'
PACKAGE_STRING='macierze 1.0'
PACKAGE_TARNAME='macierze'
PACKAGE_URL=''
PACKAGE_VERSION='1.0'
PATH_SEPARATOR=':'
RANLIB='ranlib'
SED='/usr/bin/sed'
SET_MAKE=''
SHELL='/bin/sh'
STRIP='strip'
VERSION='1.0'
ac_ct_AR='ar'
ac_ct_CC='gcc'
ac_ct_DUMPBIN=''
am__EXEEXT_FALSE=''
am__EXEEXT_TRUE='#'
am__fastdepCC_FALSE='#'
am__fastdepCC_TRUE=''
am__include='include'
am__isrc=''
am__leading_dot='.'
am__nodep='_no'
am__quote=''
am__tar='$${TAR-tar} chof - "$$tardir"'
am__untar='$${TAR-tar} xf -'
bindir='${exec_prefix}/bin'
build='x86_64-unknown-linux-gnu'
build_alias=''
build_cpu='x86_64'
build_os='linux-gnu'
build_vendor='unknown'
datadir='${datarootdir}'
datarootdir='${prefix}/share'
docdir='${datarootdir}/doc/${PACKAGE_TARNAME}'
dvidir='${docdir}'
exec_prefix='${prefix}'
host='x86_64-unknown-linux-gnu'
host_alias=''
host_cpu='x86_64'
host_os='linux-gnu'
host_vendor='unknown'
htmldir='${docdir}'
includedir='${prefix}/include'
infodir='${datarootdir}/info'
install_sh='${SHELL} /home/klosz/install-sh'
libdir='${exec_prefix}/lib'
libexecdir='${exec_prefix}/libexec'
localedir='${datarootdir}/locale'
localstatedir='${prefix}/var'
mandir='${datarootdir}/man'
mkdir_p='$(MKDIR_P)'
oldincludedir='/usr/include'
pdfdir='${docdir}'
prefix='/usr/local'
program_transform_name='s,x,x,'
psdir='${docdir}'
sbindir='${exec_prefix}/sbin'
sharedstatedir='${prefix}/com'
sysconfdir='${prefix}/etc'
target_alias=''

## ----------- ##
## confdefs.h. ##
## ----------- ##

/* confdefs.h */
#define PACKAGE_NAME "macierze"
#define PACKAGE_TARNAME "macierze"
#define PACKAGE_VERSION "1.0"
#define PACKAGE_STRING "macierze 1.0"
#define PACKAGE_BUGREPORT "m.zmuda@aol.com"
#define PACKAGE_URL ""
#define PACKAGE "macierze"
#define VERSION "1.0"
#define STDC_HEADERS 1
#define HAVE_SYS_TYPES_H 1
#define HAVE_SYS_STAT_H 1
#define HAVE_STDLIB_H 1
#define HAVE_STRING_H 1
#define HAVE_MEMORY_H 1
#define HAVE_STRINGS_H 1
#define HAVE_INTTYPES_H 1
#define HAVE_STDINT_H 1
#define HAVE_UNISTD_H 1
#define HAVE_DLFCN_H 1
#define LT_OBJDIR ".libs/"
#define HAVE_STDLIB_H 1

configure: exit 0
