This file contains any messages produced by compilers while
running configure, to aid debugging if configure makes a mistake.

It was created by macierze configure 1.0, which was
generated by GNU Autoconf 2.69.  Invocation command line was

  $ ./configure --enable-logs

## --------- ##
## Platform. ##
## --------- ##

hostname = dhcppc0
uname -m = x86_64
uname -r = 3.8.1-201.fc18.x86_64
uname -s = Linux
uname -v = #1 SMP Thu Feb 28 19:23:08 UTC 2013

/usr/bin/uname -p = x86_64
/bin/uname -X     = unknown

/bin/arch              = x86_64
/usr/bin/arch -k       = unknown
/usr/convex/getsysinfo = unknown
/usr/bin/hostinfo      = unknown
/bin/machine           = unknown
/usr/bin/oslevel       = unknown
/bin/universe          = unknown

PATH: /usr/lib64/qt-3.3/bin
PATH: /usr/lib64/ccache
PATH: /usr/local/bin
PATH: /usr/bin
PATH: /bin
PATH: /usr/local/sbin
PATH: /usr/sbin
PATH: /home/klosz/.local/bin
PATH: /home/klosz/bin


## ----------- ##
## Core tests. ##
## ----------- ##

configure:2079: checking for gcc
configure:2095: found /usr/lib64/ccache/gcc
configure:2106: result: gcc
configure:2335: checking for C compiler version
configure:2344: gcc --version >&5
gcc (GCC) 4.7.2 20121109 (Red Hat 4.7.2-8)
Copyright (C) 2012 Free Software Foundation, Inc.
This is free software; see the source for copying conditions.  There is NO
warranty; not even for MERCHANTABILITY or FITNESS FOR A PARTICULAR PURPOSE.

configure:2355: $? = 0
configure:2344: gcc -v >&5
Using built-in specs.
COLLECT_GCC=/usr/bin/gcc
COLLECT_LTO_WRAPPER=/usr/libexec/gcc/x86_64-redhat-linux/4.7.2/lto-wrapper
Target: x86_64-redhat-linux
Configured with: ../configure --prefix=/usr --mandir=/usr/share/man --infodir=/usr/share/info --with-bugurl=http://bugzilla.redhat.com/bugzilla --enable-bootstrap --enable-shared --enable-threads=posix --enable-checking=release --disable-build-with-cxx --disable-build-poststage1-with-cxx --with-system-zlib --enable-__cxa_atexit --disable-libunwind-exceptions --enable-gnu-unique-object --enable-linker-build-id --with-linker-hash-style=gnu --enable-languages=c,c++,objc,obj-c++,java,fortran,ada,go,lto --enable-plugin --enable-initfini-array --enable-java-awt=gtk --disable-dssi --with-java-home=/usr/lib/jvm/java-1.5.0-gcj-1.5.0.0/jre --enable-libgcj-multifile --enable-java-maintainer-mode --with-ecj-jar=/usr/share/java/eclipse-ecj.jar --disable-libjava-multilib --with-ppl --with-cloog --with-tune=generic --with-arch_32=i686 --build=x86_64-redhat-linux
Thread model: posix
gcc version 4.7.2 20121109 (Red Hat 4.7.2-8) (GCC) 
configure:2355: $? = 0
configure:2344: gcc -V >&5
gcc: error: unrecognized command line option '-V'
gcc: fatal error: no input files
compilation terminated.
configure:2355: $? = 4
configure:2344: gcc -qversion >&5
gcc: error: unrecognized command line option '-qversion'
gcc: fatal error: no input files
compilation terminated.
configure:2355: $? = 4
configure:2375: checking whether the C compiler works
configure:2397: gcc    conftest.c  >&5
configure:2401: $? = 0
configure:2449: result: yes
configure:2452: checking for C compiler default output file name
configure:2454: result: a.out
configure:2460: checking for suffix of executables
configure:2467: gcc -o conftest    conftest.c  >&5
configure:2471: $? = 0
configure:2493: result: 
configure:2515: checking whether we are cross compiling
configure:2523: gcc -o conftest    conftest.c  >&5
configure:2527: $? = 0
configure:2534: ./conftest
configure:2538: $? = 0
configure:2553: result: no
configure:2558: checking for suffix of object files
configure:2580: gcc -c   conftest.c >&5
configure:2584: $? = 0
configure:2605: result: o
configure:2609: checking whether we are using the GNU C compiler
configure:2628: gcc -c   conftest.c >&5
configure:2628: $? = 0
configure:2637: result: yes
configure:2646: checking whether gcc accepts -g
configure:2666: gcc -c -g  conftest.c >&5
configure:2666: $? = 0
configure:2707: result: yes
configure:2724: checking for gcc option to accept ISO C89
configure:2787: gcc  -c -g -O2  conftest.c >&5
configure:2787: $? = 0
configure:2800: result: none needed
configure:2821: checking whether gcc and cc understand -c and -o together
configure:2852: gcc -c conftest.c -o conftest2.o >&5
configure:2856: $? = 0
configure:2862: gcc -c conftest.c -o conftest2.o >&5
configure:2866: $? = 0
configure:2877: cc -c conftest.c >&5
configure:2881: $? = 0
configure:2889: cc -c conftest.c -o conftest2.o >&5
configure:2893: $? = 0
configure:2899: cc -c conftest.c -o conftest2.o >&5
configure:2903: $? = 0
configure:2921: result: yes
configure:2994: checking for a BSD-compatible install
configure:3062: result: /usr/bin/install -c
configure:3073: checking whether build environment is sane
configure:3128: result: yes
configure:3163: WARNING: 'missing' script is too old or missing
configure:3276: checking for a thread-safe mkdir -p
configure:3315: result: /usr/bin/mkdir -p
configure:3322: checking for gawk
configure:3338: found /usr/bin/gawk
configure:3349: result: gawk
configure:3360: checking whether make sets $(MAKE)
configure:3382: result: yes
configure:3412: checking for style of include used by make
configure:3440: result: GNU
configure:3532: checking dependency style of gcc
configure:3643: result: gcc3
configure:3704: checking for ranlib
configure:3720: found /usr/bin/ranlib
configure:3731: result: ranlib
configure:3763: checking how to run the C preprocessor
configure:3794: gcc -E  conftest.c
configure:3794: $? = 0
configure:3808: gcc -E  conftest.c
conftest.c:11:28: fatal error: ac_nonexistent.h: No such file or directory
compilation terminated.
configure:3808: $? = 1
configure: failed program was:
| /* confdefs.h */
| #define PACKAGE_NAME "macierze"
| #define PACKAGE_TARNAME "macierze"
| #define PACKAGE_VERSION "1.0"
| #define PACKAGE_STRING "macierze 1.0"
| #define PACKAGE_BUGREPORT "m.zmuda@aol.com"
| #define PACKAGE_URL ""
| #define PACKAGE "macierze"
| #define VERSION "1.0"
| /* end confdefs.h.  */
| #include <ac_nonexistent.h>
configure:3833: result: gcc -E
configure:3853: gcc -E  conftest.c
configure:3853: $? = 0
configure:3867: gcc -E  conftest.c
conftest.c:11:28: fatal error: ac_nonexistent.h: No such file or directory
compilation terminated.
configure:3867: $? = 1
configure: failed program was:
| /* confdefs.h */
| #define PACKAGE_NAME "macierze"
| #define PACKAGE_TARNAME "macierze"
| #define PACKAGE_VERSION "1.0"
| #define PACKAGE_STRING "macierze 1.0"
| #define PACKAGE_BUGREPORT "m.zmuda@aol.com"
| #define PACKAGE_URL ""
| #define PACKAGE "macierze"
| #define VERSION "1.0"
| /* end confdefs.h.  */
| #include <ac_nonexistent.h>
configure:3896: checking for grep that handles long lines and -e
configure:3954: result: /usr/bin/grep
configure:3959: checking for egrep
configure:4021: result: /usr/bin/grep -E
configure:4026: checking for ANSI C header files
configure:4046: gcc -c -g -O2  conftest.c >&5
configure:4046: $? = 0
configure:4119: gcc -o conftest -g -O2   conftest.c  >&5
configure:4119: $? = 0
configure:4119: ./conftest
configure:4119: $? = 0
configure:4130: result: yes
configure:4143: checking for sys/types.h
configure:4143: gcc -c -g -O2  conftest.c >&5
configure:4143: $? = 0
configure:4143: result: yes
configure:4143: checking for sys/stat.h
configure:4143: gcc -c -g -O2  conftest.c >&5
configure:4143: $? = 0
configure:4143: result: yes
configure:4143: checking for stdlib.h
configure:4143: gcc -c -g -O2  conftest.c >&5
configure:4143: $? = 0
configure:4143: result: yes
configure:4143: checking for string.h
configure:4143: gcc -c -g -O2  conftest.c >&5
configure:4143: $? = 0
configure:4143: result: yes
configure:4143: checking for memory.h
configure:4143: gcc -c -g -O2  conftest.c >&5
configure:4143: $? = 0
configure:4143: result: yes
configure:4143: checking for strings.h
configure:4143: gcc -c -g -O2  conftest.c >&5
configure:4143: $? = 0
configure:4143: result: yes
configure:4143: checking for inttypes.h
configure:4143: gcc -c -g -O2  conftest.c >&5
configure:4143: $? = 0
configure:4143: result: yes
configure:4143: checking for stdint.h
configure:4143: gcc -c -g -O2  conftest.c >&5
configure:4143: $? = 0
configure:4143: result: yes
configure:4143: checking for unistd.h
configure:4143: gcc -c -g -O2  conftest.c >&5
configure:4143: $? = 0
configure:4143: result: yes
configure:4158: checking for stdlib.h
configure:4158: result: yes
configure:4158: checking for string.h
configure:4158: result: yes
configure:4174: checking for stdlib.h
configure:4174: result: yes
configure:4184: checking for GNU libc compatible malloc
configure:4208: gcc -o conftest -g -O2   conftest.c  >&5
configure:4208: $? = 0
configure:4208: ./conftest
configure:4208: $? = 0
configure:4218: result: yes
configure:4240: checking Would you like to use file output instead of console?
configure:4255: result: No
configure:4261: checking Would you like to make logs?
configure:4269: result: Yes
configure:4394: checking that generated files are newer than configure
configure:4400: result: done
configure:4423: creating ./config.status

## ---------------------- ##
## Running config.status. ##
## ---------------------- ##

This file was extended by macierze config.status 1.0, which was
generated by GNU Autoconf 2.69.  Invocation command line was

  CONFIG_FILES    = 
  CONFIG_HEADERS  = 
  CONFIG_LINKS    = 
  CONFIG_COMMANDS = 
  $ ./config.status 

on dhcppc0

config.status:859: creating Makefile
config.status:859: creating src/Makefile
config.status:859: creating src/include/Makefile
config.status:859: creating src/operacje/Makefile
config.status:859: creating src/reszta/Makefile
config.status:859: creating src/we_wy/Makefile
config.status:859: creating config.h
config.status:1088: executing depfiles commands

## ---------------- ##
## Cache variables. ##
## ---------------- ##

ac_cv_c_compiler_gnu=yes
ac_cv_env_CC_set=
ac_cv_env_CC_value=
ac_cv_env_CFLAGS_set=
ac_cv_env_CFLAGS_value=
ac_cv_env_CPPFLAGS_set=
ac_cv_env_CPPFLAGS_value=
ac_cv_env_CPP_set=
ac_cv_env_CPP_value=
ac_cv_env_LDFLAGS_set=
ac_cv_env_LDFLAGS_value=
ac_cv_env_LIBS_set=
ac_cv_env_LIBS_value=
ac_cv_env_build_alias_set=
ac_cv_env_build_alias_value=
ac_cv_env_host_alias_set=
ac_cv_env_host_alias_value=
ac_cv_env_target_alias_set=
ac_cv_env_target_alias_value=
ac_cv_func_malloc_0_nonnull=yes
ac_cv_header_inttypes_h=yes
ac_cv_header_memory_h=yes
ac_cv_header_stdc=yes
ac_cv_header_stdint_h=yes
ac_cv_header_stdlib_h=yes
ac_cv_header_string_h=yes
ac_cv_header_strings_h=yes
ac_cv_header_sys_stat_h=yes
ac_cv_header_sys_types_h=yes
ac_cv_header_unistd_h=yes
ac_cv_objext=o
ac_cv_path_EGREP='/usr/bin/grep -E'
ac_cv_path_GREP=/usr/bin/grep
ac_cv_path_install='/usr/bin/install -c'
ac_cv_path_mkdir=/usr/bin/mkdir
ac_cv_prog_AWK=gawk
ac_cv_prog_CPP='gcc -E'
ac_cv_prog_ac_ct_CC=gcc
ac_cv_prog_ac_ct_RANLIB=ranlib
ac_cv_prog_cc_c89=
ac_cv_prog_cc_g=yes
ac_cv_prog_cc_gcc_c_o=yes
ac_cv_prog_make_make_set=yes
am_cv_CC_dependencies_compiler_type=gcc3

## ----------------- ##
## Output variables. ##
## ----------------- ##

ACLOCAL='aclocal-1.12'
AMDEPBACKSLASH='\'
AMDEP_FALSE='#'
AMDEP_TRUE=''
AMTAR='$${TAR-tar}'
AUTOCONF='autoconf'
AUTOHEADER='autoheader'
AUTOMAKE='automake-1.12'
AWK='gawk'
CC='gcc'
CCDEPMODE='depmode=gcc3'
CFLAGS='-g -O2'
CPP='gcc -E'
CPPFLAGS=''
CYGPATH_W='echo'
DEFS='-DHAVE_CONFIG_H'
DEPDIR='.deps'
ECHO_C=''
ECHO_N='-n'
ECHO_T=''
EGREP='/usr/bin/grep -E'
EXEEXT=''
GREP='/usr/bin/grep'
INSTALL_DATA='${INSTALL} -m 644'
INSTALL_PROGRAM='${INSTALL}'
INSTALL_SCRIPT='${INSTALL}'
INSTALL_STRIP_PROGRAM='$(install_sh) -c -s'
LDFLAGS=''
LIBOBJS=''
LIBS=''
LTLIBOBJS=''
MAKEINFO='makeinfo'
MKDIR_P='/usr/bin/mkdir -p'
OBJEXT='o'
PACKAGE='macierze'
PACKAGE_BUGREPORT='m.zmuda@aol.com'
PACKAGE_NAME='macierze'
PACKAGE_STRING='macierze 1.0'
PACKAGE_TARNAME='macierze'
PACKAGE_URL=''
PACKAGE_VERSION='1.0'
PATH_SEPARATOR=':'
RANLIB='ranlib'
SET_MAKE=''
SHELL='/bin/sh'
STRIP=''
VERSION='1.0'
ac_ct_CC='gcc'
am__EXEEXT_FALSE=''
am__EXEEXT_TRUE='#'
am__fastdepCC_FALSE='#'
am__fastdepCC_TRUE=''
am__include='include'
am__isrc=''
am__leading_dot='.'
am__nodep='_no'
am__quote=''
am__tar='$${TAR-tar} chof - "$$tardir"'
am__untar='$${TAR-tar} xf -'
bindir='${exec_prefix}/bin'
build_alias=''
datadir='${datarootdir}'
datarootdir='${prefix}/share'
docdir='${datarootdir}/doc/${PACKAGE_TARNAME}'
dvidir='${docdir}'
exec_prefix='${prefix}'
host_alias=''
htmldir='${docdir}'
includedir='${prefix}/include'
infodir='${datarootdir}/info'
install_sh='${SHELL} /home/klosz/install-sh'
libdir='${exec_prefix}/lib'
libexecdir='${exec_prefix}/libexec'
localedir='${datarootdir}/locale'
localstatedir='${prefix}/var'
mandir='${datarootdir}/man'
mkdir_p='$(MKDIR_P)'
oldincludedir='/usr/include'
pdfdir='${docdir}'
prefix='/usr/local'
program_transform_name='s,x,x,'
psdir='${docdir}'
sbindir='${exec_prefix}/sbin'
sharedstatedir='${prefix}/com'
sysconfdir='${prefix}/etc'
target_alias=''

## ----------- ##
## confdefs.h. ##
## ----------- ##

/* confdefs.h */
#define PACKAGE_NAME "macierze"
#define PACKAGE_TARNAME "macierze"
#define PACKAGE_VERSION "1.0"
#define PACKAGE_STRING "macierze 1.0"
#define PACKAGE_BUGREPORT "m.zmuda@aol.com"
#define PACKAGE_URL ""
#define PACKAGE "macierze"
#define VERSION "1.0"
#define STDC_HEADERS 1
#define HAVE_SYS_TYPES_H 1
#define HAVE_SYS_STAT_H 1
#define HAVE_STDLIB_H 1
#define HAVE_STRING_H 1
#define HAVE_MEMORY_H 1
#define HAVE_STRINGS_H 1
#define HAVE_INTTYPES_H 1
#define HAVE_STDINT_H 1
#define HAVE_UNISTD_H 1
#define HAVE_STDLIB_H 1
#define HAVE_STRING_H 1
#define HAVE_STDLIB_H 1
#define HAVE_MALLOC 1
#define KOMUNIKATY /**/

configure: exit 0

## ---------------------- ##
## Running config.status. ##
## ---------------------- ##

This file was extended by macierze config.status 1.0, which was
generated by GNU Autoconf 2.69.  Invocation command line was

  CONFIG_FILES    = 
  CONFIG_HEADERS  = 
  CONFIG_LINKS    = 
  CONFIG_COMMANDS = 
  $ ./config.status config.h

on dhcppc0

config.status:859: creating config.h
